# JRE version: OpenJDK Runtime Environment Temurin-17.0.3+7 (17.0.3+7) (build 17.0.3+7)
# Java VM: OpenJDK 64-Bit Server VM Temurin-17.0.3+7 (17.0.3+7, mixed mode, tiered, compressed oops, compressed class ptrs, parallel gc, windows-amd64)
GC Precious Log:
 CPUs: 20 total, 20 available
 Memory: 32093M
 Large Page Support: Disabled
 NUMA Support: Disabled
 Compressed Oops: Enabled (32-bit)
 Alignments: Space 512K, Generation 512K, Heap 2M
 Heap Min Capacity: 100M
 Heap Initial Capacity: 100M
 Heap Max Capacity: 1G
 Pre-touch: Disabled
 Parallel Workers: 15
Heap:
 PSYoungGen      total 210944K, used 102400K [0x00000000eab00000, 0x00000000fe680000, 0x0000000100000000)
  eden space 102400K, 100% used [0x00000000eab00000,0x00000000f0f00000,0x00000000f0f00000)
  from space 108544K, 0% used [0x00000000f0f00000,0x00000000f0f00000,0x00000000f7900000)
  to   space 107520K, 0% used [0x00000000f7d80000,0x00000000f7d80000,0x00000000fe680000)
 ParOldGen       total 699392K, used 699095K [0x00000000c0000000, 0x00000000eab00000, 0x00000000eab00000)
  object space 699392K, 99% used [0x00000000c0000000,0x00000000eaab5da8,0x00000000eab00000)
 Metaspace       used 78562K, committed 79488K, reserved 1122304K
  class space    used 8396K, committed 8832K, reserved 1048576K
GC Heap History (20 events):
Event: 7101.849 GC heap after
{Heap after GC invocations=77043 (full 33840):
 PSYoungGen      total 209920K, used 34041K [0x00000000eab00000, 0x00000000fe680000, 0x0000000100000000)
  eden space 102400K, 33% used [0x00000000eab00000,0x00000000ecc3e4b0,0x00000000f0f00000)
  from space 107520K, 0% used [0x00000000f7d80000,0x00000000f7d80000,0x00000000fe680000)
  to   space 108544K, 0% used [0x00000000f0f00000,0x00000000f0f00000,0x00000000f7900000)
 ParOldGen       total 699392K, used 699110K [0x00000000c0000000, 0x00000000eab00000, 0x00000000eab00000)
  object space 699392K, 99% used [0x00000000c0000000,0x00000000eaab9a20,0x00000000eab00000)
 Metaspace       used 78562K, committed 79488K, reserved 1122304K
  class space    used 8396K, committed 8832K, reserved 1048576K
}
Event: 7102.024 GC heap before
{Heap before GC invocations=77044 (full 33841):
 PSYoungGen      total 209920K, used 102400K [0x00000000eab00000, 0x00000000fe680000, 0x0000000100000000)
  eden space 102400K, 100% used [0x00000000eab00000,0x00000000f0f00000,0x00000000f0f00000)
  from space 107520K, 0% used [0x00000000f7d80000,0x00000000f7d80000,0x00000000fe680000)
  to   space 108544K, 0% used [0x00000000f0f00000,0x00000000f0f00000,0x00000000f7900000)
 ParOldGen       total 699392K, used 699110K [0x00000000c0000000, 0x00000000eab00000, 0x00000000eab00000)
  object space 699392K, 99% used [0x00000000c0000000,0x00000000eaab9a20,0x00000000eab00000)
 Metaspace       used 78562K, committed 79488K, reserved 1122304K
  class space    used 8396K, committed 8832K, reserved 1048576K
}
Event: 7102.163 GC heap after
{Heap after GC invocations=77044 (full 33841):
 PSYoungGen      total 210944K, used 35189K [0x00000000eab00000, 0x00000000fe700000, 0x0000000100000000)
  eden space 102400K, 34% used [0x00000000eab00000,0x00000000ecd5d628,0x00000000f0f00000)
  from space 108544K, 0% used [0x00000000f0f00000,0x00000000f0f00000,0x00000000f7900000)
  to   space 107520K, 0% used [0x00000000f7d80000,0x00000000f7d80000,0x00000000fe680000)
 ParOldGen       total 699392K, used 699018K [0x00000000c0000000, 0x00000000eab00000, 0x00000000eab00000)
  object space 699392K, 99% used [0x00000000c0000000,0x00000000eaaa2988,0x00000000eab00000)
 Metaspace       used 78562K, committed 79488K, reserved 1122304K
  class space    used 8396K, committed 8832K, reserved 1048576K
}
Event: 7102.288 GC heap before
{Heap before GC invocations=77045 (full 33842):
 PSYoungGen      total 210944K, used 102400K [0x00000000eab00000, 0x00000000fe700000, 0x0000000100000000)
  eden space 102400K, 100% used [0x00000000eab00000,0x00000000f0f00000,0x00000000f0f00000)
  from space 108544K, 0% used [0x00000000f0f00000,0x00000000f0f00000,0x00000000f7900000)
  to   space 107520K, 0% used [0x00000000f7d80000,0x00000000f7d80000,0x00000000fe680000)
 ParOldGen       total 699392K, used 699018K [0x00000000c0000000, 0x00000000eab00000, 0x00000000eab00000)
  object space 699392K, 99% used [0x00000000c0000000,0x00000000eaaa2988,0x00000000eab00000)
 Metaspace       used 78562K, committed 79488K, reserved 1122304K
  class space    used 8396K, committed 8832K, reserved 1048576K
}
Event: 7102.443 GC heap after
{Heap after GC invocations=77045 (full 33842):
 PSYoungGen      total 209920K, used 41068K [0x00000000eab00000, 0x00000000fe700000, 0x0000000100000000)
  eden space 102400K, 40% used [0x00000000eab00000,0x00000000ed31b1d0,0x00000000f0f00000)
  from space 107520K, 0% used [0x00000000f7d80000,0x00000000f7d80000,0x00000000fe680000)
  to   space 108544K, 0% used [0x00000000f0f00000,0x00000000f0f00000,0x00000000f7900000)
 ParOldGen       total 699392K, used 699365K [0x00000000c0000000, 0x00000000eab00000, 0x00000000eab00000)
  object space 699392K, 99% used [0x00000000c0000000,0x00000000eaaf9530,0x00000000eab00000)
 Metaspace       used 78562K, committed 79488K, reserved 1122304K
  class space    used 8396K, committed 8832K, reserved 1048576K
}
Event: 7102.567 GC heap before
{Heap before GC invocations=77046 (full 33843):
 PSYoungGen      total 209920K, used 102400K [0x00000000eab00000, 0x00000000fe700000, 0x0000000100000000)
  eden space 102400K, 100% used [0x00000000eab00000,0x00000000f0f00000,0x00000000f0f00000)
  from space 107520K, 0% used [0x00000000f7d80000,0x00000000f7d80000,0x00000000fe680000)
  to   space 108544K, 0% used [0x00000000f0f00000,0x00000000f0f00000,0x00000000f7900000)
 ParOldGen       total 699392K, used 699365K [0x00000000c0000000, 0x00000000eab00000, 0x00000000eab00000)
  object space 699392K, 99% used [0x00000000c0000000,0x00000000eaaf9530,0x00000000eab00000)
 Metaspace       used 78562K, committed 79488K, reserved 1122304K
  class space    used 8396K, committed 8832K, reserved 1048576K
}
Event: 7102.704 GC heap after
{Heap after GC invocations=77046 (full 33843):
 PSYoungGen      total 210944K, used 42854K [0x00000000eab00000, 0x00000000fe700000, 0x0000000100000000)
  eden space 102400K, 41% used [0x00000000eab00000,0x00000000ed4d98e8,0x00000000f0f00000)
  from space 108544K, 0% used [0x00000000f0f00000,0x00000000f0f00000,0x00000000f7900000)
  to   space 107520K, 0% used [0x00000000f7d80000,0x00000000f7d80000,0x00000000fe680000)
 ParOldGen       total 699392K, used 699004K [0x00000000c0000000, 0x00000000eab00000, 0x00000000eab00000)
  object space 699392K, 99% used [0x00000000c0000000,0x00000000eaa9f250,0x00000000eab00000)
 Metaspace       used 78562K, committed 79488K, reserved 1122304K
  class space    used 8396K, committed 8832K, reserved 1048576K
}
Event: 7102.821 GC heap before
{Heap before GC invocations=77047 (full 33844):
 PSYoungGen      total 210944K, used 102400K [0x00000000eab00000, 0x00000000fe700000, 0x0000000100000000)
  eden space 102400K, 100% used [0x00000000eab00000,0x00000000f0f00000,0x00000000f0f00000)
  from space 108544K, 0% used [0x00000000f0f00000,0x00000000f0f00000,0x00000000f7900000)
  to   space 107520K, 0% used [0x00000000f7d80000,0x00000000f7d80000,0x00000000fe680000)
 ParOldGen       total 699392K, used 699004K [0x00000000c0000000, 0x00000000eab00000, 0x00000000eab00000)
  object space 699392K, 99% used [0x00000000c0000000,0x00000000eaa9f250,0x00000000eab00000)
 Metaspace       used 78562K, committed 79488K, reserved 1122304K
  class space    used 8396K, committed 8832K, reserved 1048576K
}
Event: 7102.957 GC heap after
{Heap after GC invocations=77047 (full 33844):
 PSYoungGen      total 209920K, used 44344K [0x00000000eab00000, 0x00000000fe700000, 0x0000000100000000)
  eden space 102400K, 43% used [0x00000000eab00000,0x00000000ed64e280,0x00000000f0f00000)
  from space 107520K, 0% used [0x00000000f7d80000,0x00000000f7d80000,0x00000000fe680000)
  to   space 108544K, 0% used [0x00000000f0f00000,0x00000000f0f00000,0x00000000f7900000)
 ParOldGen       total 699392K, used 698954K [0x00000000c0000000, 0x00000000eab00000, 0x00000000eab00000)
  object space 699392K, 99% used [0x00000000c0000000,0x00000000eaa928d8,0x00000000eab00000)
 Metaspace       used 78562K, committed 79488K, reserved 1122304K
  class space    used 8396K, committed 8832K, reserved 1048576K
}
Event: 7103.057 GC heap before
{Heap before GC invocations=77048 (full 33845):
 PSYoungGen      total 209920K, used 102400K [0x00000000eab00000, 0x00000000fe700000, 0x0000000100000000)
  eden space 102400K, 100% used [0x00000000eab00000,0x00000000f0f00000,0x00000000f0f00000)
  from space 107520K, 0% used [0x00000000f7d80000,0x00000000f7d80000,0x00000000fe680000)
  to   space 108544K, 0% used [0x00000000f0f00000,0x00000000f0f00000,0x00000000f7900000)
 ParOldGen       total 699392K, used 698954K [0x00000000c0000000, 0x00000000eab00000, 0x00000000eab00000)
  object space 699392K, 99% used [0x00000000c0000000,0x00000000eaa928d8,0x00000000eab00000)
 Metaspace       used 78562K, committed 79488K, reserved 1122304K
  class space    used 8396K, committed 8832K, reserved 1048576K
}
Event: 7103.196 GC heap after
{Heap after GC invocations=77048 (full 33845):
 PSYoungGen      total 210944K, used 46888K [0x00000000eab00000, 0x00000000fe700000, 0x0000000100000000)
  eden space 102400K, 45% used [0x00000000eab00000,0x00000000ed8ca238,0x00000000f0f00000)
  from space 108544K, 0% used [0x00000000f0f00000,0x00000000f0f00000,0x00000000f7900000)
  to   space 107520K, 0% used [0x00000000f7d80000,0x00000000f7d80000,0x00000000fe680000)
 ParOldGen       total 699392K, used 699388K [0x00000000c0000000, 0x00000000eab00000, 0x00000000eab00000)
  object space 699392K, 99% used [0x00000000c0000000,0x00000000eaaff3a8,0x00000000eab00000)
 Metaspace       used 78562K, committed 79488K, reserved 1122304K
  class space    used 8396K, committed 8832K, reserved 1048576K
}
Event: 7103.296 GC heap before
{Heap before GC invocations=77049 (full 33846):
 PSYoungGen      total 210944K, used 102400K [0x00000000eab00000, 0x00000000fe700000, 0x0000000100000000)
  eden space 102400K, 100% used [0x00000000eab00000,0x00000000f0f00000,0x00000000f0f00000)
  from space 108544K, 0% used [0x00000000f0f00000,0x00000000f0f00000,0x00000000f7900000)
  to   space 107520K, 0% used [0x00000000f7d80000,0x00000000f7d80000,0x00000000fe680000)
 ParOldGen       total 699392K, used 699388K [0x00000000c0000000, 0x00000000eab00000, 0x00000000eab00000)
  object space 699392K, 99% used [0x00000000c0000000,0x00000000eaaff3a8,0x00000000eab00000)
 Metaspace       used 78562K, committed 79488K, reserved 1122304K
  class space    used 8396K, committed 8832K, reserved 1048576K
}
Event: 7103.453 GC heap after
{Heap after GC invocations=77049 (full 33846):
 PSYoungGen      total 209920K, used 50736K [0x00000000eab00000, 0x00000000fe680000, 0x0000000100000000)
  eden space 102400K, 49% used [0x00000000eab00000,0x00000000edc8c1d0,0x00000000f0f00000)
  from space 107520K, 0% used [0x00000000f7d80000,0x00000000f7d80000,0x00000000fe680000)
  to   space 108544K, 0% used [0x00000000f0f00000,0x00000000f0f00000,0x00000000f7900000)
 ParOldGen       total 699392K, used 698974K [0x00000000c0000000, 0x00000000eab00000, 0x00000000eab00000)
  object space 699392K, 99% used [0x00000000c0000000,0x00000000eaa97bd0,0x00000000eab00000)
 Metaspace       used 78562K, committed 79488K, reserved 1122304K
  class space    used 8396K, committed 8832K, reserved 1048576K
}
Event: 7103.553 GC heap before
{Heap before GC invocations=77050 (full 33847):
 PSYoungGen      total 209920K, used 102400K [0x00000000eab00000, 0x00000000fe680000, 0x0000000100000000)
  eden space 102400K, 100% used [0x00000000eab00000,0x00000000f0f00000,0x00000000f0f00000)
  from space 107520K, 0% used [0x00000000f7d80000,0x00000000f7d80000,0x00000000fe680000)
  to   space 108544K, 0% used [0x00000000f0f00000,0x00000000f0f00000,0x00000000f7900000)
 ParOldGen       total 699392K, used 698974K [0x00000000c0000000, 0x00000000eab00000, 0x00000000eab00000)
  object space 699392K, 99% used [0x00000000c0000000,0x00000000eaa97bd0,0x00000000eab00000)
 Metaspace       used 78562K, committed 79488K, reserved 1122304K
  class space    used 8396K, committed 8832K, reserved 1048576K
}
Event: 7103.706 GC heap after
{Heap after GC invocations=77050 (full 33847):
 PSYoungGen      total 210944K, used 52268K [0x00000000eab00000, 0x00000000fe680000, 0x0000000100000000)
  eden space 102400K, 51% used [0x00000000eab00000,0x00000000ede0b248,0x00000000f0f00000)
  from space 108544K, 0% used [0x00000000f0f00000,0x00000000f0f00000,0x00000000f7900000)
  to   space 107520K, 0% used [0x00000000f7d80000,0x00000000f7d80000,0x00000000fe680000)
 ParOldGen       total 699392K, used 699021K [0x00000000c0000000, 0x00000000eab00000, 0x00000000eab00000)
  object space 699392K, 99% used [0x00000000c0000000,0x00000000eaaa3620,0x00000000eab00000)
 Metaspace       used 78562K, committed 79488K, reserved 1122304K
  class space    used 8396K, committed 8832K, reserved 1048576K
}
Event: 7103.820 GC heap before
{Heap before GC invocations=77051 (full 33848):
 PSYoungGen      total 210944K, used 102400K [0x00000000eab00000, 0x00000000fe680000, 0x0000000100000000)
  eden space 102400K, 100% used [0x00000000eab00000,0x00000000f0f00000,0x00000000f0f00000)
  from space 108544K, 0% used [0x00000000f0f00000,0x00000000f0f00000,0x00000000f7900000)
  to   space 107520K, 0% used [0x00000000f7d80000,0x00000000f7d80000,0x00000000fe680000)
 ParOldGen       total 699392K, used 699021K [0x00000000c0000000, 0x00000000eab00000, 0x00000000eab00000)
  object space 699392K, 99% used [0x00000000c0000000,0x00000000eaaa3620,0x00000000eab00000)
 Metaspace       used 78562K, committed 79488K, reserved 1122304K
  class space    used 8396K, committed 8832K, reserved 1048576K
}
Event: 7103.971 GC heap after
{Heap after GC invocations=77051 (full 33848):
 PSYoungGen      total 209920K, used 51570K [0x00000000eab00000, 0x00000000fe680000, 0x0000000100000000)
  eden space 102400K, 50% used [0x00000000eab00000,0x00000000edd5c950,0x00000000f0f00000)
  from space 107520K, 0% used [0x00000000f7d80000,0x00000000f7d80000,0x00000000fe680000)
  to   space 108544K, 0% used [0x00000000f0f00000,0x00000000f0f00000,0x00000000f7900000)
 ParOldGen       total 699392K, used 698914K [0x00000000c0000000, 0x00000000eab00000, 0x00000000eab00000)
  object space 699392K, 99% used [0x00000000c0000000,0x00000000eaa88b28,0x00000000eab00000)
 Metaspace       used 78562K, committed 79488K, reserved 1122304K
  class space    used 8396K, committed 8832K, reserved 1048576K
}
Event: 7104.070 GC heap before
{Heap before GC invocations=77052 (full 33849):
 PSYoungGen      total 209920K, used 102400K [0x00000000eab00000, 0x00000000fe680000, 0x0000000100000000)
  eden space 102400K, 100% used [0x00000000eab00000,0x00000000f0f00000,0x00000000f0f00000)
  from space 107520K, 0% used [0x00000000f7d80000,0x00000000f7d80000,0x00000000fe680000)
  to   space 108544K, 0% used [0x00000000f0f00000,0x00000000f0f00000,0x00000000f7900000)
 ParOldGen       total 699392K, used 698914K [0x00000000c0000000, 0x00000000eab00000, 0x00000000eab00000)
  object space 699392K, 99% used [0x00000000c0000000,0x00000000eaa88b28,0x00000000eab00000)
 Metaspace       used 78562K, committed 79488K, reserved 1122304K
  class space    used 8396K, committed 8832K, reserved 1048576K
}
Event: 7104.209 GC heap after
{Heap after GC invocations=77052 (full 33849):
 PSYoungGen      total 210944K, used 54375K [0x00000000eab00000, 0x00000000fe680000, 0x0000000100000000)
  eden space 102400K, 53% used [0x00000000eab00000,0x00000000ee019f68,0x00000000f0f00000)
  from space 108544K, 0% used [0x00000000f0f00000,0x00000000f0f00000,0x00000000f7900000)
  to   space 107520K, 0% used [0x00000000f7d80000,0x00000000f7d80000,0x00000000fe680000)
 ParOldGen       total 699392K, used 699095K [0x00000000c0000000, 0x00000000eab00000, 0x00000000eab00000)
  object space 699392K, 99% used [0x00000000c0000000,0x00000000eaab5da8,0x00000000eab00000)
 Metaspace       used 78562K, committed 79488K, reserved 1122304K
  class space    used 8396K, committed 8832K, reserved 1048576K
}
Event: 7104.287 GC heap before
{Heap before GC invocations=77053 (full 33850):
 PSYoungGen      total 210944K, used 102400K [0x00000000eab00000, 0x00000000fe680000, 0x0000000100000000)
  eden space 102400K, 100% used [0x00000000eab00000,0x00000000f0f00000,0x00000000f0f00000)
  from space 108544K, 0% used [0x00000000f0f00000,0x00000000f0f00000,0x00000000f7900000)
  to   space 107520K, 0% used [0x00000000f7d80000,0x00000000f7d80000,0x00000000fe680000)
 ParOldGen       total 699392K, used 699095K [0x00000000c0000000, 0x00000000eab00000, 0x00000000eab00000)
  object space 699392K, 99% used [0x00000000c0000000,0x00000000eaab5da8,0x00000000eab00000)
 Metaspace       used 78562K, committed 79488K, reserved 1122304K
  class space    used 8396K, committed 8832K, reserved 1048576K
}

